\BOOKMARK [1][-]{section.1}{\376\377\000I\000n\000t\000r\000o\000d\000u\000\347\000\343\000o}{}% 1
\BOOKMARK [1][-]{section.2}{\376\377\000R\000e\000v\000i\000s\000\343\000o\000\040\000T\000e\000\363\000r\000i\000c\000a}{}% 2
\BOOKMARK [2][-]{subsection.2.1}{\376\377\000M\000I\000T\000R\000E}{section.2}% 3
\BOOKMARK [2][-]{subsection.2.2}{\376\377\000A\000t\000t\000\046\000c\000k}{section.2}% 4
\BOOKMARK [2][-]{subsection.2.3}{\376\377\000S\000e\000g\000u\000r\000a\000n\000\347\000a\000\040\000d\000a\000\040\000I\000n\000f\000o\000r\000m\000a\000\347\000\343\000o}{section.2}% 5
\BOOKMARK [1][-]{section.3}{\376\377\000G\000r\000u\000p\000o\000\040\000I}{}% 6
\BOOKMARK [2][-]{subsection.3.1}{\376\377\000C\000y\000b\000e\000r\000\040\000I\000n\000t\000e\000l\000l\000i\000g\000e\000n\000c\000e\000\040\000T\000h\000r\000e\000a\000t\000\040\000A\000n\000a\000l\000y\000s\000i\000s}{section.3}% 7
\BOOKMARK [2][-]{subsection.3.2}{\376\377\000C\000y\000b\000e\000r\000\040\000T\000h\000r\000e\000a\000t\000\040\000I\000n\000f\000o\000r\000m\000a\000t\000i\000o\000n\000\040\000S\000h\000a\000r\000i\000n\000g}{section.3}% 8
\BOOKMARK [2][-]{subsection.3.3}{\376\377\000C\000a\000m\000p\000a\000n\000h\000a\000\040\000O\000p\000e\000r\000a\000t\000i\000o\000n\000\040\000M\000i\000d\000n\000i\000g\000h\000t\000E\000c\000l\000i\000p\000s\000e}{section.3}% 9
\BOOKMARK [2][-]{subsection.3.4}{\376\377\000T\000\341\000t\000i\000c\000a\000\040\000C\000o\000l\000l\000e\000c\000t\000i\000o\000n}{section.3}% 10
\BOOKMARK [3][-]{subsubsection.3.4.1}{\376\377\000E\000n\000t\000e\000r\000p\000r\000i\000s\000e}{subsection.3.4}% 11
\BOOKMARK [3][-]{subsubsection.3.4.2}{\376\377\000M\000o\000b\000i\000l\000e}{subsection.3.4}% 12
\BOOKMARK [3][-]{subsubsection.3.4.3}{\376\377\000I\000C\000S}{subsection.3.4}% 13
\BOOKMARK [3][-]{subsubsection.3.4.4}{\376\377\000E\000x\000e\000m\000p\000l\000o\000s}{subsection.3.4}% 14
\BOOKMARK [1][-]{section.4}{\376\377\000G\000r\000u\000p\000o\000\040\000I\000I}{}% 15
\BOOKMARK [2][-]{subsection.4.1}{\376\377\000O\000s\000\040\000Q\000u\000a\000t\000r\000o\000\040\000P\000i\000l\000a\000r\000e\000s\000\040\000d\000a\000\040\000S\000e\000g\000u\000r\000a\000n\000\347\000a\000\040\000d\000a\000\040\000I\000n\000f\000o\000r\000m\000a\000\347\000\343\000o}{section.4}% 16
\BOOKMARK [3][-]{subsubsection.4.1.1}{\376\377\000T\000e\000c\000n\000o\000l\000o\000g\000i\000a\000s}{subsection.4.1}% 17
\BOOKMARK [3][-]{subsubsection.4.1.2}{\376\377\000P\000e\000s\000s\000o\000a\000s}{subsection.4.1}% 18
\BOOKMARK [3][-]{subsubsection.4.1.3}{\376\377\000O\000r\000g\000a\000n\000i\000z\000a\000\347\000\365\000e\000s\000\040\000\050\000p\000r\000o\000c\000e\000s\000s\000o\000s\000\040\000e\000\040\000p\000r\000o\000c\000e\000d\000i\000m\000e\000n\000t\000o\000s\000\051}{subsection.4.1}% 19
\BOOKMARK [3][-]{subsubsection.4.1.4}{\376\377\000S\000e\000g\000u\000r\000a\000n\000\347\000a\000\040\000F\000\355\000s\000i\000c\000a}{subsection.4.1}% 20
\BOOKMARK [3][-]{subsubsection.4.1.5}{\376\377\000P\000i\000l\000a\000r\000\040\000m\000a\000i\000s\000\040\000i\000m\000p\000o\000r\000t\000a\000n\000t\000e}{subsection.4.1}% 21
\BOOKMARK [3][-]{subsubsection.4.1.6}{\376\377\000L\000i\000g\000a\000\347\000\343\000o\000\040\000\340\000\040\000I\000n\000t\000e\000r\000v\000e\000n\000\347\000\343\000o\000\040\000D\000i\000g\000i\000t\000a\000l\000\040\000F\000o\000r\000e\000n\000s\000e}{subsection.4.1}% 22
\BOOKMARK [2][-]{subsection.4.2}{\376\377\000O\000s\000\040\000T\000r\000\352\000s\000\040\000V\000e\000t\000o\000r\000e\000s\000\040\000d\000a\000\040\000S\000e\000g\000u\000r\000a\000n\000\347\000a\000\040\000d\000a\000\040\000I\000n\000f\000o\000r\000m\000a\000\347\000\343\000o}{section.4}% 23
\BOOKMARK [3][-]{subsubsection.4.2.1}{\376\377\000S\000e\000g\000u\000r\000a\000n\000\347\000a\000\040\000F\000\355\000s\000i\000c\000a}{subsection.4.2}% 24
\BOOKMARK [3][-]{subsubsection.4.2.2}{\376\377\000S\000e\000g\000u\000r\000a\000n\000\347\000a\000\040\000H\000u\000m\000a\000n\000a}{subsection.4.2}% 25
\BOOKMARK [3][-]{subsubsection.4.2.3}{\376\377\000S\000e\000g\000u\000r\000a\000n\000\347\000a\000\040\000L\000\363\000g\000i\000c\000a}{subsection.4.2}% 26
\BOOKMARK [3][-]{subsubsection.4.2.4}{\376\377\000L\000i\000g\000a\000\347\000\343\000o\000\040\000\340\000\040\000S\000E\000G\000N\000A\000C\0004}{subsection.4.2}% 27
\BOOKMARK [2][-]{subsection.4.3}{\376\377\000O\000\040\000c\000o\000n\000c\000e\000i\000t\000o\000\040\000d\000e\000\040\040\030\000G\000o\000v\000e\000r\000n\000a\000n\000\347\000a\040\031}{section.4}% 28
\BOOKMARK [3][-]{subsubsection.4.3.1}{\376\377\000C\000o\000n\000t\000e\000\372\000d\000o\000\040\000e\000\040\000A\000p\000l\000i\000c\000a\000\347\000\343\000o\000\040\000P\000r\000\341\000t\000i\000c\000a}{subsection.4.3}% 29
\BOOKMARK [3][-]{subsubsection.4.3.2}{\376\377\000I\000m\000p\000o\000r\000t\000\342\000n\000c\000i\000a\000\040\000p\000a\000r\000a\000\040\000a\000\040\000C\000i\000b\000e\000r\000s\000e\000g\000u\000r\000a\000n\000\347\000a\000\040\000e\000\040\000o\000\040\000C\000o\000m\000b\000a\000t\000e\000\040\000a\000o\000\040\000C\000i\000b\000e\000r\000c\000r\000i\000m\000e}{subsection.4.3}% 30
\BOOKMARK [3][-]{subsubsection.4.3.3}{\376\377\000C\000o\000r\000r\000e\000s\000p\000o\000n\000d\000\352\000n\000c\000i\000a\000\040\000c\000o\000m\000\040\000a\000\040\000R\000C\000M\000\040\000n\000.\000\272\000\040\0004\0001\000/\0002\0000\0001\0008}{subsection.4.3}% 31
\BOOKMARK [1][-]{section.5}{\376\377\000C\000o\000n\000c\000l\000u\000s\000\343\000o}{}% 32
\BOOKMARK [1][-]{section.5}{\376\377\000B\000i\000b\000l\000i\000o\000g\000r\000a\000f\000i\000a}{}% 33
